[BookManager] 2018-02-13 10:19:24386 ? DEBUG -0    java.sql.Connection - {conn-100000} Connection
[BookManager] 2018-02-13 10:19:24409 ? DEBUG -23   java.sql.Connection - {conn-100000} Preparing Statement:      select count(*) from t_book_introduct                
[BookManager] 2018-02-13 10:19:24818 ? DEBUG -432  java.sql.PreparedStatement - {pstm-100001} Executing Statement:      select count(*) from t_book_introduct                
[BookManager] 2018-02-13 10:19:24818 ? DEBUG -432  java.sql.PreparedStatement - {pstm-100001} Parameters: []
[BookManager] 2018-02-13 10:19:24818 ? DEBUG -432  java.sql.PreparedStatement - {pstm-100001} Types: []
[BookManager] 2018-02-13 10:19:24961 ? DEBUG -575  java.sql.Connection - {conn-100003} Connection
[BookManager] 2018-02-13 10:19:24962 ? DEBUG -576  java.sql.Connection - {conn-100003} Preparing Statement:      select                           id, book_name, book_series, book_author, book_type, book_age, book_status, book_comment,      book_image, book_library, book_account, create_time, update_time, express1, express2        from t_book_introduct                                    order by create_time DESC                                                  limit ? , ?                            
[BookManager] 2018-02-13 10:19:24962 ? DEBUG -576  java.sql.PreparedStatement - {pstm-100004} Executing Statement:      select                           id, book_name, book_series, book_author, book_type, book_age, book_status, book_comment,      book_image, book_library, book_account, create_time, update_time, express1, express2        from t_book_introduct                                    order by create_time DESC                                                  limit ? , ?                            
[BookManager] 2018-02-13 10:19:24963 ? DEBUG -577  java.sql.PreparedStatement - {pstm-100004} Parameters: [0, 6]
[BookManager] 2018-02-13 10:19:24963 ? DEBUG -577  java.sql.PreparedStatement - {pstm-100004} Types: [java.lang.Integer, java.lang.Integer]
[BookManager] 2018-02-13 10:19:33365 ? DEBUG -8979 java.sql.Connection - {conn-100006} Connection
[BookManager] 2018-02-13 10:19:33368 ? DEBUG -8982 java.sql.Connection - {conn-100006} Preparing Statement:      select           id, book_name, book_series, book_author, book_type, book_age, book_status, book_comment,      book_image, book_library, book_account, create_time, update_time, express1, express2        from t_book_introduct     where id = ?   
[BookManager] 2018-02-13 10:19:33369 ? DEBUG -8983 java.sql.PreparedStatement - {pstm-100007} Executing Statement:      select           id, book_name, book_series, book_author, book_type, book_age, book_status, book_comment,      book_image, book_library, book_account, create_time, update_time, express1, express2        from t_book_introduct     where id = ?   
[BookManager] 2018-02-13 10:19:33369 ? DEBUG -8983 java.sql.PreparedStatement - {pstm-100007} Parameters: [204]
[BookManager] 2018-02-13 10:19:33369 ? DEBUG -8983 java.sql.PreparedStatement - {pstm-100007} Types: [java.lang.Integer]
[BookManager] 2018-02-13 10:19:41392 ? DEBUG -17006 java.sql.Connection - {conn-100009} Connection
[BookManager] 2018-02-13 10:19:41400 ? DEBUG -17014 java.sql.Connection - {conn-100009} Preparing Statement:      select                           id, library_name, user_id, user_name, login_account, user_pwd, email, connect_phone,      qq_account, wechat_account, nation, province, city, work_unit, grade, library_introduce,      express1, express2, express3        from t_sys_userinfo                 where                (                             login_account = ?                                    )                                                       
[BookManager] 2018-02-13 10:19:41401 ? DEBUG -17015 java.sql.PreparedStatement - {pstm-100010} Executing Statement:      select                           id, library_name, user_id, user_name, login_account, user_pwd, email, connect_phone,      qq_account, wechat_account, nation, province, city, work_unit, grade, library_introduce,      express1, express2, express3        from t_sys_userinfo                 where                (                             login_account = ?                                    )                                                       
[BookManager] 2018-02-13 10:19:41401 ? DEBUG -17015 java.sql.PreparedStatement - {pstm-100010} Parameters: [hxs]
[BookManager] 2018-02-13 10:19:41401 ? DEBUG -17015 java.sql.PreparedStatement - {pstm-100010} Types: [java.lang.String]
[BookManager] 2018-02-13 10:19:41521 ? DEBUG -17135 java.sql.Connection - {conn-100012} Connection
[BookManager] 2018-02-13 10:19:41522 ? DEBUG -17136 java.sql.Connection - {conn-100012} Preparing Statement:      select count(*) from t_book_introduct                
[BookManager] 2018-02-13 10:19:41523 ? DEBUG -17137 java.sql.PreparedStatement - {pstm-100013} Executing Statement:      select count(*) from t_book_introduct                
[BookManager] 2018-02-13 10:19:41523 ? DEBUG -17137 java.sql.PreparedStatement - {pstm-100013} Parameters: []
[BookManager] 2018-02-13 10:19:41523 ? DEBUG -17137 java.sql.PreparedStatement - {pstm-100013} Types: []
[BookManager] 2018-02-13 10:19:41525 ? DEBUG -17139 java.sql.Connection - {conn-100015} Connection
[BookManager] 2018-02-13 10:19:41525 ? DEBUG -17139 java.sql.Connection - {conn-100015} Preparing Statement:      select                           id, book_name, book_series, book_author, book_type, book_age, book_status, book_comment,      book_image, book_library, book_account, create_time, update_time, express1, express2        from t_book_introduct                                    order by create_time DESC                                                  limit ? , ?                            
[BookManager] 2018-02-13 10:19:41526 ? DEBUG -17140 java.sql.PreparedStatement - {pstm-100016} Executing Statement:      select                           id, book_name, book_series, book_author, book_type, book_age, book_status, book_comment,      book_image, book_library, book_account, create_time, update_time, express1, express2        from t_book_introduct                                    order by create_time DESC                                                  limit ? , ?                            
[BookManager] 2018-02-13 10:19:41526 ? DEBUG -17140 java.sql.PreparedStatement - {pstm-100016} Parameters: [0, 6]
[BookManager] 2018-02-13 10:19:41527 ? DEBUG -17141 java.sql.PreparedStatement - {pstm-100016} Types: [java.lang.Integer, java.lang.Integer]
[BookManager] 2018-02-13 10:19:43852 ? DEBUG -19466 java.sql.Connection - {conn-100018} Connection
[BookManager] 2018-02-13 10:19:43855 ? DEBUG -19469 java.sql.Connection - {conn-100018} Preparing Statement:      select count(*) from t_book_introduct          where                (                             book_account = ?                                    )                  
[BookManager] 2018-02-13 10:19:43855 ? DEBUG -19469 java.sql.PreparedStatement - {pstm-100019} Executing Statement:      select count(*) from t_book_introduct          where                (                             book_account = ?                                    )                  
[BookManager] 2018-02-13 10:19:43855 ? DEBUG -19469 java.sql.PreparedStatement - {pstm-100019} Parameters: [hxs]
[BookManager] 2018-02-13 10:19:43855 ? DEBUG -19469 java.sql.PreparedStatement - {pstm-100019} Types: [java.lang.String]
[BookManager] 2018-02-13 10:19:43869 ? DEBUG -19483 java.sql.Connection - {conn-100021} Connection
[BookManager] 2018-02-13 10:19:43870 ? DEBUG -19484 java.sql.Connection - {conn-100021} Preparing Statement:      select                           id, book_name, book_series, book_author, book_type, book_age, book_status, book_comment,      book_image, book_library, book_account, create_time, update_time, express1, express2        from t_book_introduct                 where                (                             book_account = ?                                    )                               order by update_time DESC                                                  limit ? , ?                            
[BookManager] 2018-02-13 10:19:43871 ? DEBUG -19485 java.sql.PreparedStatement - {pstm-100022} Executing Statement:      select                           id, book_name, book_series, book_author, book_type, book_age, book_status, book_comment,      book_image, book_library, book_account, create_time, update_time, express1, express2        from t_book_introduct                 where                (                             book_account = ?                                    )                               order by update_time DESC                                                  limit ? , ?                            
[BookManager] 2018-02-13 10:19:43872 ? DEBUG -19486 java.sql.PreparedStatement - {pstm-100022} Parameters: [hxs, 0, 6]
[BookManager] 2018-02-13 10:19:43872 ? DEBUG -19486 java.sql.PreparedStatement - {pstm-100022} Types: [java.lang.String, java.lang.Integer, java.lang.Integer]
[BookManager] 2018-02-13 10:19:46667 ? DEBUG -22281 java.sql.Connection - {conn-100024} Connection
[BookManager] 2018-02-13 10:19:46677 ? DEBUG -22291 java.sql.Connection - {conn-100024} Preparing Statement:      select           id, book_name, book_series, book_author, book_type, book_age, book_status, book_comment,      book_image, book_library, book_account, create_time, update_time, express1, express2        from t_book_introduct     where id = ?   
[BookManager] 2018-02-13 10:19:46678 ? DEBUG -22292 java.sql.PreparedStatement - {pstm-100025} Executing Statement:      select           id, book_name, book_series, book_author, book_type, book_age, book_status, book_comment,      book_image, book_library, book_account, create_time, update_time, express1, express2        from t_book_introduct     where id = ?   
[BookManager] 2018-02-13 10:19:46678 ? DEBUG -22292 java.sql.PreparedStatement - {pstm-100025} Parameters: [201]
[BookManager] 2018-02-13 10:19:46679 ? DEBUG -22293 java.sql.PreparedStatement - {pstm-100025} Types: [java.lang.Integer]
[BookManager] 2018-02-13 10:19:46685 ? DEBUG -22299 java.sql.Connection - {conn-100027} Connection
[BookManager] 2018-02-13 10:19:46690 ? DEBUG -22304 java.sql.Connection - {conn-100027} Preparing Statement:      select                           id, cfg_type, cfg_value, cfg_value_id, parent, enable, priority, is_edit, system_id        from t_sys_dictionary                                                            
[BookManager] 2018-02-13 10:19:46691 ? DEBUG -22305 java.sql.PreparedStatement - {pstm-100028} Executing Statement:      select                           id, cfg_type, cfg_value, cfg_value_id, parent, enable, priority, is_edit, system_id        from t_sys_dictionary                                                            
[BookManager] 2018-02-13 10:19:46691 ? DEBUG -22305 java.sql.PreparedStatement - {pstm-100028} Parameters: []
[BookManager] 2018-02-13 10:19:46691 ? DEBUG -22305 java.sql.PreparedStatement - {pstm-100028} Types: []
[BookManager] 2018-02-13 10:19:46766 ? DEBUG -22380 java.sql.Connection - {conn-100030} Connection
[BookManager] 2018-02-13 10:19:46768 ? DEBUG -22382 java.sql.Connection - {conn-100030} Preparing Statement:      select                           id, comment, comment_person, book_id, create_time, update_time, express1        from t_book_comment                 where                (                             book_id = ?                                    )                               order by create_time                                        
[BookManager] 2018-02-13 10:19:46768 ? DEBUG -22382 java.sql.PreparedStatement - {pstm-100031} Executing Statement:      select                           id, comment, comment_person, book_id, create_time, update_time, express1        from t_book_comment                 where                (                             book_id = ?                                    )                               order by create_time                                        
[BookManager] 2018-02-13 10:19:46769 ? DEBUG -22383 java.sql.PreparedStatement - {pstm-100031} Parameters: [201]
[BookManager] 2018-02-13 10:19:46769 ? DEBUG -22383 java.sql.PreparedStatement - {pstm-100031} Types: [java.lang.String]
[BookManager] 2018-02-13 10:20:00460 ? DEBUG -36074 java.sql.Connection - {conn-100033} Connection
[BookManager] 2018-02-13 10:20:00464 ? DEBUG -36078 java.sql.Connection - {conn-100033} Preparing Statement:      update t_book_introduct     set                id = ?              ,         book_name = ?              ,         book_series = ?              ,         book_author = ?              ,         book_type = ?              ,         book_age = ?              ,         book_status = ?              ,         book_comment = ?              ,         book_image = ?                            ,         create_time = ?              ,         update_time = ?              ,         express1 = ?                                    where                (                             id = ?                                    )                       
[BookManager] 2018-02-13 10:20:00467 ? DEBUG -36081 java.sql.PreparedStatement - {pstm-100034} Executing Statement:      update t_book_introduct     set                id = ?              ,         book_name = ?              ,         book_series = ?              ,         book_author = ?              ,         book_type = ?              ,         book_age = ?              ,         book_status = ?              ,         book_comment = ?              ,         book_image = ?                            ,         create_time = ?              ,         update_time = ?              ,         express1 = ?                                    where                (                             id = ?                                    )                       
[BookManager] 2018-02-13 10:20:00468 ? DEBUG -36082 java.sql.PreparedStatement - {pstm-100034} Parameters: [201, 红楼梦, 经典, 曹雪芹, 励志与成功, 成人, 可送, 《红楼梦》是一部具有世界影响力的人情小说作品，举世公认的中国古典小说巅峰之作，中国封建社会的百科全书，传统文化的集大成者。小说以“大旨谈情，实录其事”自勉，只按自己的事体情理，按迹循踪，摆脱旧套，新鲜别致，取得了非凡的艺术成就。真事隐去，假语村言”的特殊笔法更是令后世读者脑洞大开，揣测之说久而遂多[4]  。围绕《红楼梦》的品读研究形成了一门显学——红学。, book/2018/02/13/book_1518488391383.jpg, 2018-01-23 01:36:40.0, 2018-02-13 10:20:00.458, 《红楼梦》是一部具有世界影响力的人情小说作品，举世公认的中国古典小说巅峰之作，中国封建社会的百科全书，传统文化的集大成者。小说以“大旨谈情，实录其事”自勉，只按自己的事体情理，按迹循踪，摆脱旧套，新鲜别致，取得了非凡的艺术成就。真事隐去，假语村言”的特殊笔法更是令后世读者脑洞大开，揣测之说久而遂多[4]  。围绕《红楼梦》的品读研究形成了一门显学——红学。, 201]
[BookManager] 2018-02-13 10:20:00468 ? DEBUG -36082 java.sql.PreparedStatement - {pstm-100034} Types: [java.lang.Integer, java.lang.String, java.lang.String, java.lang.String, java.lang.String, java.lang.String, java.lang.String, java.lang.String, java.lang.String, java.sql.Timestamp, java.sql.Timestamp, java.lang.String, java.lang.Integer]
[BookManager] 2018-02-13 10:20:01729 ? DEBUG -37343 java.sql.Connection - {conn-100035} Connection
[BookManager] 2018-02-13 10:20:01731 ? DEBUG -37345 java.sql.Connection - {conn-100035} Preparing Statement:      select count(*) from t_book_introduct          where                (                             book_account = ?                                    )                  
[BookManager] 2018-02-13 10:20:01732 ? DEBUG -37346 java.sql.PreparedStatement - {pstm-100036} Executing Statement:      select count(*) from t_book_introduct          where                (                             book_account = ?                                    )                  
[BookManager] 2018-02-13 10:20:01732 ? DEBUG -37346 java.sql.PreparedStatement - {pstm-100036} Parameters: [hxs]
[BookManager] 2018-02-13 10:20:01733 ? DEBUG -37347 java.sql.PreparedStatement - {pstm-100036} Types: [java.lang.String]
[BookManager] 2018-02-13 10:20:01735 ? DEBUG -37349 java.sql.Connection - {conn-100038} Connection
[BookManager] 2018-02-13 10:20:01737 ? DEBUG -37351 java.sql.Connection - {conn-100038} Preparing Statement:      select                           id, book_name, book_series, book_author, book_type, book_age, book_status, book_comment,      book_image, book_library, book_account, create_time, update_time, express1, express2        from t_book_introduct                 where                (                             book_account = ?                                    )                               order by update_time DESC                                                  limit ? , ?                            
[BookManager] 2018-02-13 10:20:01738 ? DEBUG -37352 java.sql.PreparedStatement - {pstm-100039} Executing Statement:      select                           id, book_name, book_series, book_author, book_type, book_age, book_status, book_comment,      book_image, book_library, book_account, create_time, update_time, express1, express2        from t_book_introduct                 where                (                             book_account = ?                                    )                               order by update_time DESC                                                  limit ? , ?                            
[BookManager] 2018-02-13 10:20:01738 ? DEBUG -37352 java.sql.PreparedStatement - {pstm-100039} Parameters: [hxs, 0, 6]
[BookManager] 2018-02-13 10:20:01739 ? DEBUG -37353 java.sql.PreparedStatement - {pstm-100039} Types: [java.lang.String, java.lang.Integer, java.lang.Integer]
[BookManager] 2018-02-13 10:20:05576 ? DEBUG -41190 java.sql.Connection - {conn-100041} Connection
[BookManager] 2018-02-13 10:20:05576 ? DEBUG -41190 java.sql.Connection - {conn-100041} Preparing Statement:      select           id, book_name, book_series, book_author, book_type, book_age, book_status, book_comment,      book_image, book_library, book_account, create_time, update_time, express1, express2        from t_book_introduct     where id = ?   
[BookManager] 2018-02-13 10:20:05577 ? DEBUG -41191 java.sql.PreparedStatement - {pstm-100042} Executing Statement:      select           id, book_name, book_series, book_author, book_type, book_age, book_status, book_comment,      book_image, book_library, book_account, create_time, update_time, express1, express2        from t_book_introduct     where id = ?   
[BookManager] 2018-02-13 10:20:05577 ? DEBUG -41191 java.sql.PreparedStatement - {pstm-100042} Parameters: [201]
[BookManager] 2018-02-13 10:20:05577 ? DEBUG -41191 java.sql.PreparedStatement - {pstm-100042} Types: [java.lang.Integer]
[BookManager] 2018-02-13 10:20:05581 ? DEBUG -41195 java.sql.Connection - {conn-100044} Connection
[BookManager] 2018-02-13 10:20:05582 ? DEBUG -41196 java.sql.Connection - {conn-100044} Preparing Statement:      select                           id, cfg_type, cfg_value, cfg_value_id, parent, enable, priority, is_edit, system_id        from t_sys_dictionary                                                            
[BookManager] 2018-02-13 10:20:05585 ? DEBUG -41199 java.sql.PreparedStatement - {pstm-100045} Executing Statement:      select                           id, cfg_type, cfg_value, cfg_value_id, parent, enable, priority, is_edit, system_id        from t_sys_dictionary                                                            
[BookManager] 2018-02-13 10:20:05585 ? DEBUG -41199 java.sql.PreparedStatement - {pstm-100045} Parameters: []
[BookManager] 2018-02-13 10:20:05585 ? DEBUG -41199 java.sql.PreparedStatement - {pstm-100045} Types: []
[BookManager] 2018-02-13 10:20:05591 ? DEBUG -41205 java.sql.Connection - {conn-100047} Connection
[BookManager] 2018-02-13 10:20:05593 ? DEBUG -41207 java.sql.Connection - {conn-100047} Preparing Statement:      select                           id, comment, comment_person, book_id, create_time, update_time, express1        from t_book_comment                 where                (                             book_id = ?                                    )                               order by create_time                                        
[BookManager] 2018-02-13 10:20:05594 ? DEBUG -41208 java.sql.PreparedStatement - {pstm-100048} Executing Statement:      select                           id, comment, comment_person, book_id, create_time, update_time, express1        from t_book_comment                 where                (                             book_id = ?                                    )                               order by create_time                                        
[BookManager] 2018-02-13 10:20:05595 ? DEBUG -41209 java.sql.PreparedStatement - {pstm-100048} Parameters: [201]
[BookManager] 2018-02-13 10:20:05595 ? DEBUG -41209 java.sql.PreparedStatement - {pstm-100048} Types: [java.lang.String]
[BookManager] 2018-02-13 10:20:12237 ? DEBUG -47851 java.sql.Connection - {conn-100050} Connection
[BookManager] 2018-02-13 10:20:12238 ? DEBUG -47852 java.sql.Connection - {conn-100050} Preparing Statement:      select count(*) from t_book_introduct                
[BookManager] 2018-02-13 10:20:12239 ? DEBUG -47853 java.sql.PreparedStatement - {pstm-100051} Executing Statement:      select count(*) from t_book_introduct                
[BookManager] 2018-02-13 10:20:12240 ? DEBUG -47854 java.sql.PreparedStatement - {pstm-100051} Parameters: []
[BookManager] 2018-02-13 10:20:12240 ? DEBUG -47854 java.sql.PreparedStatement - {pstm-100051} Types: []
[BookManager] 2018-02-13 10:20:12242 ? DEBUG -47856 java.sql.Connection - {conn-100053} Connection
[BookManager] 2018-02-13 10:20:12242 ? DEBUG -47856 java.sql.Connection - {conn-100053} Preparing Statement:      select                           id, book_name, book_series, book_author, book_type, book_age, book_status, book_comment,      book_image, book_library, book_account, create_time, update_time, express1, express2        from t_book_introduct                                    order by create_time DESC                                                  limit ? , ?                            
[BookManager] 2018-02-13 10:20:12243 ? DEBUG -47857 java.sql.PreparedStatement - {pstm-100054} Executing Statement:      select                           id, book_name, book_series, book_author, book_type, book_age, book_status, book_comment,      book_image, book_library, book_account, create_time, update_time, express1, express2        from t_book_introduct                                    order by create_time DESC                                                  limit ? , ?                            
[BookManager] 2018-02-13 10:20:12243 ? DEBUG -47857 java.sql.PreparedStatement - {pstm-100054} Parameters: [0, 6]
[BookManager] 2018-02-13 10:20:12243 ? DEBUG -47857 java.sql.PreparedStatement - {pstm-100054} Types: [java.lang.Integer, java.lang.Integer]
[BookManager] 2018-02-13 10:20:14879 ? DEBUG -50493 java.sql.Connection - {conn-100056} Connection
[BookManager] 2018-02-13 10:20:14880 ? DEBUG -50494 java.sql.Connection - {conn-100056} Preparing Statement:      select           id, book_name, book_series, book_author, book_type, book_age, book_status, book_comment,      book_image, book_library, book_account, create_time, update_time, express1, express2        from t_book_introduct     where id = ?   
[BookManager] 2018-02-13 10:20:14881 ? DEBUG -50495 java.sql.PreparedStatement - {pstm-100057} Executing Statement:      select           id, book_name, book_series, book_author, book_type, book_age, book_status, book_comment,      book_image, book_library, book_account, create_time, update_time, express1, express2        from t_book_introduct     where id = ?   
[BookManager] 2018-02-13 10:20:14881 ? DEBUG -50495 java.sql.PreparedStatement - {pstm-100057} Parameters: [201]
[BookManager] 2018-02-13 10:20:14881 ? DEBUG -50495 java.sql.PreparedStatement - {pstm-100057} Types: [java.lang.Integer]
[BookManager] 2018-02-13 10:20:24682 ? DEBUG -60296 java.sql.Connection - {conn-100059} Connection
[BookManager] 2018-02-13 10:20:24683 ? DEBUG -60297 java.sql.Connection - {conn-100059} Preparing Statement:      select count(*) from t_book_introduct                
[BookManager] 2018-02-13 10:20:24683 ? DEBUG -60297 java.sql.PreparedStatement - {pstm-100060} Executing Statement:      select count(*) from t_book_introduct                
[BookManager] 2018-02-13 10:20:24683 ? DEBUG -60297 java.sql.PreparedStatement - {pstm-100060} Parameters: []
[BookManager] 2018-02-13 10:20:24683 ? DEBUG -60297 java.sql.PreparedStatement - {pstm-100060} Types: []
[BookManager] 2018-02-13 10:20:24685 ? DEBUG -60299 java.sql.Connection - {conn-100062} Connection
[BookManager] 2018-02-13 10:20:24686 ? DEBUG -60300 java.sql.Connection - {conn-100062} Preparing Statement:      select                           id, book_name, book_series, book_author, book_type, book_age, book_status, book_comment,      book_image, book_library, book_account, create_time, update_time, express1, express2        from t_book_introduct                                    order by create_time DESC                                                  limit ? , ?                            
[BookManager] 2018-02-13 10:20:24686 ? DEBUG -60300 java.sql.PreparedStatement - {pstm-100063} Executing Statement:      select                           id, book_name, book_series, book_author, book_type, book_age, book_status, book_comment,      book_image, book_library, book_account, create_time, update_time, express1, express2        from t_book_introduct                                    order by create_time DESC                                                  limit ? , ?                            
[BookManager] 2018-02-13 10:20:24687 ? DEBUG -60301 java.sql.PreparedStatement - {pstm-100063} Parameters: [0, 6]
[BookManager] 2018-02-13 10:20:24687 ? DEBUG -60301 java.sql.PreparedStatement - {pstm-100063} Types: [java.lang.Integer, java.lang.Integer]
[BookManager] 2018-02-13 10:20:25892 ? DEBUG -61506 java.sql.Connection - {conn-100065} Connection
[BookManager] 2018-02-13 10:20:25893 ? DEBUG -61507 java.sql.Connection - {conn-100065} Preparing Statement:      select           id, book_name, book_series, book_author, book_type, book_age, book_status, book_comment,      book_image, book_library, book_account, create_time, update_time, express1, express2        from t_book_introduct     where id = ?   
[BookManager] 2018-02-13 10:20:25893 ? DEBUG -61507 java.sql.PreparedStatement - {pstm-100066} Executing Statement:      select           id, book_name, book_series, book_author, book_type, book_age, book_status, book_comment,      book_image, book_library, book_account, create_time, update_time, express1, express2        from t_book_introduct     where id = ?   
[BookManager] 2018-02-13 10:20:25893 ? DEBUG -61507 java.sql.PreparedStatement - {pstm-100066} Parameters: [201]
[BookManager] 2018-02-13 10:20:25893 ? DEBUG -61507 java.sql.PreparedStatement - {pstm-100066} Types: [java.lang.Integer]
[BookManager] 2018-02-13 10:23:18190 ? DEBUG -233804 java.sql.Connection - {conn-100068} Connection
[BookManager] 2018-02-13 10:23:18190 ? DEBUG -233804 java.sql.Connection - {conn-100068} Preparing Statement:      select count(*) from t_book_introduct                
[BookManager] 2018-02-13 10:23:18191 ? DEBUG -233805 java.sql.PreparedStatement - {pstm-100069} Executing Statement:      select count(*) from t_book_introduct                
[BookManager] 2018-02-13 10:23:18191 ? DEBUG -233805 java.sql.PreparedStatement - {pstm-100069} Parameters: []
[BookManager] 2018-02-13 10:23:18191 ? DEBUG -233805 java.sql.PreparedStatement - {pstm-100069} Types: []
[BookManager] 2018-02-13 10:23:18193 ? DEBUG -233807 java.sql.Connection - {conn-100071} Connection
[BookManager] 2018-02-13 10:23:18193 ? DEBUG -233807 java.sql.Connection - {conn-100071} Preparing Statement:      select                           id, book_name, book_series, book_author, book_type, book_age, book_status, book_comment,      book_image, book_library, book_account, create_time, update_time, express1, express2        from t_book_introduct                                    order by create_time DESC                                                  limit ? , ?                            
[BookManager] 2018-02-13 10:23:18194 ? DEBUG -233808 java.sql.PreparedStatement - {pstm-100072} Executing Statement:      select                           id, book_name, book_series, book_author, book_type, book_age, book_status, book_comment,      book_image, book_library, book_account, create_time, update_time, express1, express2        from t_book_introduct                                    order by create_time DESC                                                  limit ? , ?                            
[BookManager] 2018-02-13 10:23:18194 ? DEBUG -233808 java.sql.PreparedStatement - {pstm-100072} Parameters: [0, 6]
[BookManager] 2018-02-13 10:23:18194 ? DEBUG -233808 java.sql.PreparedStatement - {pstm-100072} Types: [java.lang.Integer, java.lang.Integer]
[BookManager] 2018-02-13 10:23:20904 ? DEBUG -236518 java.sql.Connection - {conn-100074} Connection
[BookManager] 2018-02-13 10:23:20905 ? DEBUG -236519 java.sql.Connection - {conn-100074} Preparing Statement:      select           id, book_name, book_series, book_author, book_type, book_age, book_status, book_comment,      book_image, book_library, book_account, create_time, update_time, express1, express2        from t_book_introduct     where id = ?   
[BookManager] 2018-02-13 10:23:20905 ? DEBUG -236519 java.sql.PreparedStatement - {pstm-100075} Executing Statement:      select           id, book_name, book_series, book_author, book_type, book_age, book_status, book_comment,      book_image, book_library, book_account, create_time, update_time, express1, express2        from t_book_introduct     where id = ?   
[BookManager] 2018-02-13 10:23:20905 ? DEBUG -236519 java.sql.PreparedStatement - {pstm-100075} Parameters: [201]
[BookManager] 2018-02-13 10:23:20906 ? DEBUG -236520 java.sql.PreparedStatement - {pstm-100075} Types: [java.lang.Integer]
[BookManager] 2018-02-13 10:23:23435 ? DEBUG -239049 java.sql.Connection - {conn-100077} Connection
[BookManager] 2018-02-13 10:23:23439 ? DEBUG -239053 java.sql.Connection - {conn-100077} Preparing Statement:      select count(*) from t_book_introduct          where                (                             book_series = ?                                    )                  
[BookManager] 2018-02-13 10:23:23440 ? DEBUG -239054 java.sql.PreparedStatement - {pstm-100078} Executing Statement:      select count(*) from t_book_introduct          where                (                             book_series = ?                                    )                  
[BookManager] 2018-02-13 10:23:23440 ? DEBUG -239054 java.sql.PreparedStatement - {pstm-100078} Parameters: [经典]
[BookManager] 2018-02-13 10:23:23440 ? DEBUG -239054 java.sql.PreparedStatement - {pstm-100078} Types: [java.lang.String]
[BookManager] 2018-02-13 10:23:23445 ? DEBUG -239059 java.sql.Connection - {conn-100080} Connection
[BookManager] 2018-02-13 10:23:23449 ? DEBUG -239063 java.sql.Connection - {conn-100080} Preparing Statement:      select                           id, book_name, book_series, book_author, book_type, book_age, book_status, book_comment,      book_image, book_library, book_account, create_time, update_time, express1, express2        from t_book_introduct                 where                (                             book_series = ?                                    )                               order by create_time DESC                                                  limit ? , ?                            
[BookManager] 2018-02-13 10:23:23450 ? DEBUG -239064 java.sql.PreparedStatement - {pstm-100081} Executing Statement:      select                           id, book_name, book_series, book_author, book_type, book_age, book_status, book_comment,      book_image, book_library, book_account, create_time, update_time, express1, express2        from t_book_introduct                 where                (                             book_series = ?                                    )                               order by create_time DESC                                                  limit ? , ?                            
[BookManager] 2018-02-13 10:23:23450 ? DEBUG -239064 java.sql.PreparedStatement - {pstm-100081} Parameters: [经典, 0, 6]
[BookManager] 2018-02-13 10:23:23450 ? DEBUG -239064 java.sql.PreparedStatement - {pstm-100081} Types: [java.lang.String, java.lang.Integer, java.lang.Integer]
[BookManager] 2018-02-13 10:23:27638 ? DEBUG -243252 java.sql.Connection - {conn-100083} Connection
[BookManager] 2018-02-13 10:23:27640 ? DEBUG -243254 java.sql.Connection - {conn-100083} Preparing Statement:      select count(*) from t_book_introduct          where                (                             book_series = ?                                    )                  
[BookManager] 2018-02-13 10:23:27641 ? DEBUG -243255 java.sql.PreparedStatement - {pstm-100084} Executing Statement:      select count(*) from t_book_introduct          where                (                             book_series = ?                                    )                  
[BookManager] 2018-02-13 10:23:27642 ? DEBUG -243256 java.sql.PreparedStatement - {pstm-100084} Parameters: [经典]
[BookManager] 2018-02-13 10:23:27642 ? DEBUG -243256 java.sql.PreparedStatement - {pstm-100084} Types: [java.lang.String]
[BookManager] 2018-02-13 10:23:27646 ? DEBUG -243260 java.sql.Connection - {conn-100086} Connection
[BookManager] 2018-02-13 10:23:27648 ? DEBUG -243262 java.sql.Connection - {conn-100086} Preparing Statement:      select                           id, book_name, book_series, book_author, book_type, book_age, book_status, book_comment,      book_image, book_library, book_account, create_time, update_time, express1, express2        from t_book_introduct                 where                (                             book_series = ?                                    )                               order by create_time DESC                                                  limit ? , ?                            
[BookManager] 2018-02-13 10:23:27649 ? DEBUG -243263 java.sql.PreparedStatement - {pstm-100087} Executing Statement:      select                           id, book_name, book_series, book_author, book_type, book_age, book_status, book_comment,      book_image, book_library, book_account, create_time, update_time, express1, express2        from t_book_introduct                 where                (                             book_series = ?                                    )                               order by create_time DESC                                                  limit ? , ?                            
[BookManager] 2018-02-13 10:23:27650 ? DEBUG -243264 java.sql.PreparedStatement - {pstm-100087} Parameters: [经典, 0, 6]
[BookManager] 2018-02-13 10:23:27650 ? DEBUG -243264 java.sql.PreparedStatement - {pstm-100087} Types: [java.lang.String, java.lang.Integer, java.lang.Integer]
[BookManager] 2018-02-13 10:23:31941 ? DEBUG -247555 java.sql.Connection - {conn-100089} Connection
[BookManager] 2018-02-13 10:23:31941 ? DEBUG -247555 java.sql.Connection - {conn-100089} Preparing Statement:      select count(*) from t_book_introduct                
[BookManager] 2018-02-13 10:23:31942 ? DEBUG -247556 java.sql.PreparedStatement - {pstm-100090} Executing Statement:      select count(*) from t_book_introduct                
[BookManager] 2018-02-13 10:23:31942 ? DEBUG -247556 java.sql.PreparedStatement - {pstm-100090} Parameters: []
[BookManager] 2018-02-13 10:23:31943 ? DEBUG -247557 java.sql.PreparedStatement - {pstm-100090} Types: []
[BookManager] 2018-02-13 10:23:31945 ? DEBUG -247559 java.sql.Connection - {conn-100092} Connection
[BookManager] 2018-02-13 10:23:31946 ? DEBUG -247560 java.sql.Connection - {conn-100092} Preparing Statement:      select                           id, book_name, book_series, book_author, book_type, book_age, book_status, book_comment,      book_image, book_library, book_account, create_time, update_time, express1, express2        from t_book_introduct                                    order by create_time DESC                                                  limit ? , ?                            
[BookManager] 2018-02-13 10:23:31947 ? DEBUG -247561 java.sql.PreparedStatement - {pstm-100093} Executing Statement:      select                           id, book_name, book_series, book_author, book_type, book_age, book_status, book_comment,      book_image, book_library, book_account, create_time, update_time, express1, express2        from t_book_introduct                                    order by create_time DESC                                                  limit ? , ?                            
[BookManager] 2018-02-13 10:23:31948 ? DEBUG -247562 java.sql.PreparedStatement - {pstm-100093} Parameters: [0, 6]
[BookManager] 2018-02-13 10:23:31948 ? DEBUG -247562 java.sql.PreparedStatement - {pstm-100093} Types: [java.lang.Integer, java.lang.Integer]
[BookManager] 2018-02-13 10:23:3380 ? DEBUG -248694 java.sql.Connection - {conn-100095} Connection
[BookManager] 2018-02-13 10:23:3381 ? DEBUG -248695 java.sql.Connection - {conn-100095} Preparing Statement:      select count(*) from t_book_introduct          where                (                             book_author = ?                                    )                  
[BookManager] 2018-02-13 10:23:3382 ? DEBUG -248696 java.sql.PreparedStatement - {pstm-100096} Executing Statement:      select count(*) from t_book_introduct          where                (                             book_author = ?                                    )                  
[BookManager] 2018-02-13 10:23:3382 ? DEBUG -248696 java.sql.PreparedStatement - {pstm-100096} Parameters: [曹雪芹]
[BookManager] 2018-02-13 10:23:3382 ? DEBUG -248696 java.sql.PreparedStatement - {pstm-100096} Types: [java.lang.String]
[BookManager] 2018-02-13 10:23:3385 ? DEBUG -248699 java.sql.Connection - {conn-100098} Connection
[BookManager] 2018-02-13 10:23:3386 ? DEBUG -248700 java.sql.Connection - {conn-100098} Preparing Statement:      select                           id, book_name, book_series, book_author, book_type, book_age, book_status, book_comment,      book_image, book_library, book_account, create_time, update_time, express1, express2        from t_book_introduct                 where                (                             book_author = ?                                    )                               order by create_time DESC                                                  limit ? , ?                            
[BookManager] 2018-02-13 10:23:3386 ? DEBUG -248700 java.sql.PreparedStatement - {pstm-100099} Executing Statement:      select                           id, book_name, book_series, book_author, book_type, book_age, book_status, book_comment,      book_image, book_library, book_account, create_time, update_time, express1, express2        from t_book_introduct                 where                (                             book_author = ?                                    )                               order by create_time DESC                                                  limit ? , ?                            
[BookManager] 2018-02-13 10:23:3387 ? DEBUG -248701 java.sql.PreparedStatement - {pstm-100099} Parameters: [曹雪芹, 0, 6]
[BookManager] 2018-02-13 10:23:3387 ? DEBUG -248701 java.sql.PreparedStatement - {pstm-100099} Types: [java.lang.String, java.lang.Integer, java.lang.Integer]
[BookManager] 2018-02-13 10:23:35973 ? DEBUG -251587 java.sql.Connection - {conn-100101} Connection
[BookManager] 2018-02-13 10:23:35974 ? DEBUG -251588 java.sql.Connection - {conn-100101} Preparing Statement:      select count(*) from t_book_introduct                
[BookManager] 2018-02-13 10:23:35974 ? DEBUG -251588 java.sql.PreparedStatement - {pstm-100102} Executing Statement:      select count(*) from t_book_introduct                
[BookManager] 2018-02-13 10:23:35975 ? DEBUG -251589 java.sql.PreparedStatement - {pstm-100102} Parameters: []
[BookManager] 2018-02-13 10:23:35975 ? DEBUG -251589 java.sql.PreparedStatement - {pstm-100102} Types: []
[BookManager] 2018-02-13 10:23:35977 ? DEBUG -251591 java.sql.Connection - {conn-100104} Connection
[BookManager] 2018-02-13 10:23:35978 ? DEBUG -251592 java.sql.Connection - {conn-100104} Preparing Statement:      select                           id, book_name, book_series, book_author, book_type, book_age, book_status, book_comment,      book_image, book_library, book_account, create_time, update_time, express1, express2        from t_book_introduct                                    order by create_time DESC                                                  limit ? , ?                            
[BookManager] 2018-02-13 10:23:35978 ? DEBUG -251592 java.sql.PreparedStatement - {pstm-100105} Executing Statement:      select                           id, book_name, book_series, book_author, book_type, book_age, book_status, book_comment,      book_image, book_library, book_account, create_time, update_time, express1, express2        from t_book_introduct                                    order by create_time DESC                                                  limit ? , ?                            
[BookManager] 2018-02-13 10:23:35981 ? DEBUG -251595 java.sql.PreparedStatement - {pstm-100105} Parameters: [0, 6]
[BookManager] 2018-02-13 10:23:35981 ? DEBUG -251595 java.sql.PreparedStatement - {pstm-100105} Types: [java.lang.Integer, java.lang.Integer]
[BookManager] 2018-02-13 10:23:37702 ? DEBUG -253316 java.sql.Connection - {conn-100107} Connection
[BookManager] 2018-02-13 10:23:37703 ? DEBUG -253317 java.sql.Connection - {conn-100107} Preparing Statement:      select count(*) from t_book_introduct          where                (                             book_library = ?                                    )                  
[BookManager] 2018-02-13 10:23:37703 ? DEBUG -253317 java.sql.PreparedStatement - {pstm-100108} Executing Statement:      select count(*) from t_book_introduct          where                (                             book_library = ?                                    )                  
[BookManager] 2018-02-13 10:23:37704 ? DEBUG -253318 java.sql.PreparedStatement - {pstm-100108} Parameters: [小生图书]
[BookManager] 2018-02-13 10:23:37704 ? DEBUG -253318 java.sql.PreparedStatement - {pstm-100108} Types: [java.lang.String]
[BookManager] 2018-02-13 10:23:37705 ? DEBUG -253319 java.sql.Connection - {conn-100110} Connection
[BookManager] 2018-02-13 10:23:37706 ? DEBUG -253320 java.sql.Connection - {conn-100110} Preparing Statement:      select                           id, book_name, book_series, book_author, book_type, book_age, book_status, book_comment,      book_image, book_library, book_account, create_time, update_time, express1, express2        from t_book_introduct                 where                (                             book_library = ?                                    )                               order by create_time DESC                                                  limit ? , ?                            
[BookManager] 2018-02-13 10:23:37707 ? DEBUG -253321 java.sql.PreparedStatement - {pstm-100111} Executing Statement:      select                           id, book_name, book_series, book_author, book_type, book_age, book_status, book_comment,      book_image, book_library, book_account, create_time, update_time, express1, express2        from t_book_introduct                 where                (                             book_library = ?                                    )                               order by create_time DESC                                                  limit ? , ?                            
[BookManager] 2018-02-13 10:23:37707 ? DEBUG -253321 java.sql.PreparedStatement - {pstm-100111} Parameters: [小生图书, 0, 6]
[BookManager] 2018-02-13 10:23:37707 ? DEBUG -253321 java.sql.PreparedStatement - {pstm-100111} Types: [java.lang.String, java.lang.Integer, java.lang.Integer]
[BookManager] 2018-02-13 10:23:4037 ? DEBUG -255651 java.sql.Connection - {conn-100113} Connection
[BookManager] 2018-02-13 10:23:4037 ? DEBUG -255651 java.sql.Connection - {conn-100113} Preparing Statement:      select count(*) from t_book_introduct                
[BookManager] 2018-02-13 10:23:4038 ? DEBUG -255652 java.sql.PreparedStatement - {pstm-100114} Executing Statement:      select count(*) from t_book_introduct                
[BookManager] 2018-02-13 10:23:4038 ? DEBUG -255652 java.sql.PreparedStatement - {pstm-100114} Parameters: []
[BookManager] 2018-02-13 10:23:4038 ? DEBUG -255652 java.sql.PreparedStatement - {pstm-100114} Types: []
[BookManager] 2018-02-13 10:23:4039 ? DEBUG -255653 java.sql.Connection - {conn-100116} Connection
[BookManager] 2018-02-13 10:23:4040 ? DEBUG -255654 java.sql.Connection - {conn-100116} Preparing Statement:      select                           id, book_name, book_series, book_author, book_type, book_age, book_status, book_comment,      book_image, book_library, book_account, create_time, update_time, express1, express2        from t_book_introduct                                    order by create_time DESC                                                  limit ? , ?                            
[BookManager] 2018-02-13 10:23:4040 ? DEBUG -255654 java.sql.PreparedStatement - {pstm-100117} Executing Statement:      select                           id, book_name, book_series, book_author, book_type, book_age, book_status, book_comment,      book_image, book_library, book_account, create_time, update_time, express1, express2        from t_book_introduct                                    order by create_time DESC                                                  limit ? , ?                            
[BookManager] 2018-02-13 10:23:4040 ? DEBUG -255654 java.sql.PreparedStatement - {pstm-100117} Parameters: [0, 6]
[BookManager] 2018-02-13 10:23:4040 ? DEBUG -255654 java.sql.PreparedStatement - {pstm-100117} Types: [java.lang.Integer, java.lang.Integer]
[BookManager] 2018-02-13 10:23:42778 ? DEBUG -258392 java.sql.Connection - {conn-100119} Connection
[BookManager] 2018-02-13 10:23:42779 ? DEBUG -258393 java.sql.Connection - {conn-100119} Preparing Statement:      select count(*) from t_book_introduct          where                (                             book_author = ?                                    )                  
[BookManager] 2018-02-13 10:23:42780 ? DEBUG -258394 java.sql.PreparedStatement - {pstm-100120} Executing Statement:      select count(*) from t_book_introduct          where                (                             book_author = ?                                    )                  
[BookManager] 2018-02-13 10:23:42780 ? DEBUG -258394 java.sql.PreparedStatement - {pstm-100120} Parameters: [吴承恩]
[BookManager] 2018-02-13 10:23:42780 ? DEBUG -258394 java.sql.PreparedStatement - {pstm-100120} Types: [java.lang.String]
[BookManager] 2018-02-13 10:23:42782 ? DEBUG -258396 java.sql.Connection - {conn-100122} Connection
[BookManager] 2018-02-13 10:23:42784 ? DEBUG -258398 java.sql.Connection - {conn-100122} Preparing Statement:      select                           id, book_name, book_series, book_author, book_type, book_age, book_status, book_comment,      book_image, book_library, book_account, create_time, update_time, express1, express2        from t_book_introduct                 where                (                             book_author = ?                                    )                               order by create_time DESC                                                  limit ? , ?                            
[BookManager] 2018-02-13 10:23:42785 ? DEBUG -258399 java.sql.PreparedStatement - {pstm-100123} Executing Statement:      select                           id, book_name, book_series, book_author, book_type, book_age, book_status, book_comment,      book_image, book_library, book_account, create_time, update_time, express1, express2        from t_book_introduct                 where                (                             book_author = ?                                    )                               order by create_time DESC                                                  limit ? , ?                            
[BookManager] 2018-02-13 10:23:42785 ? DEBUG -258399 java.sql.PreparedStatement - {pstm-100123} Parameters: [吴承恩, 0, 6]
[BookManager] 2018-02-13 10:23:42785 ? DEBUG -258399 java.sql.PreparedStatement - {pstm-100123} Types: [java.lang.String, java.lang.Integer, java.lang.Integer]
[BookManager] 2018-02-13 10:23:45891 ? DEBUG -261505 java.sql.Connection - {conn-100125} Connection
[BookManager] 2018-02-13 10:23:45895 ? DEBUG -261509 java.sql.Connection - {conn-100125} Preparing Statement:      select count(*) from t_book_introduct          where                (                             book_library = ?                                    )                  
[BookManager] 2018-02-13 10:23:45895 ? DEBUG -261509 java.sql.PreparedStatement - {pstm-100126} Executing Statement:      select count(*) from t_book_introduct          where                (                             book_library = ?                                    )                  
[BookManager] 2018-02-13 10:23:45895 ? DEBUG -261509 java.sql.PreparedStatement - {pstm-100126} Parameters: [小生图书]
[BookManager] 2018-02-13 10:23:45896 ? DEBUG -261510 java.sql.PreparedStatement - {pstm-100126} Types: [java.lang.String]
[BookManager] 2018-02-13 10:23:45898 ? DEBUG -261512 java.sql.Connection - {conn-100128} Connection
[BookManager] 2018-02-13 10:23:45899 ? DEBUG -261513 java.sql.Connection - {conn-100128} Preparing Statement:      select                           id, book_name, book_series, book_author, book_type, book_age, book_status, book_comment,      book_image, book_library, book_account, create_time, update_time, express1, express2        from t_book_introduct                 where                (                             book_library = ?                                    )                               order by create_time DESC                                                  limit ? , ?                            
[BookManager] 2018-02-13 10:23:45900 ? DEBUG -261514 java.sql.PreparedStatement - {pstm-100129} Executing Statement:      select                           id, book_name, book_series, book_author, book_type, book_age, book_status, book_comment,      book_image, book_library, book_account, create_time, update_time, express1, express2        from t_book_introduct                 where                (                             book_library = ?                                    )                               order by create_time DESC                                                  limit ? , ?                            
[BookManager] 2018-02-13 10:23:45900 ? DEBUG -261514 java.sql.PreparedStatement - {pstm-100129} Parameters: [小生图书, 0, 6]
[BookManager] 2018-02-13 10:23:45900 ? DEBUG -261514 java.sql.PreparedStatement - {pstm-100129} Types: [java.lang.String, java.lang.Integer, java.lang.Integer]
[BookManager] 2018-02-13 10:23:47537 ? DEBUG -263151 java.sql.Connection - {conn-100131} Connection
[BookManager] 2018-02-13 10:23:47537 ? DEBUG -263151 java.sql.Connection - {conn-100131} Preparing Statement:      select           id, book_name, book_series, book_author, book_type, book_age, book_status, book_comment,      book_image, book_library, book_account, create_time, update_time, express1, express2        from t_book_introduct     where id = ?   
[BookManager] 2018-02-13 10:23:47538 ? DEBUG -263152 java.sql.PreparedStatement - {pstm-100132} Executing Statement:      select           id, book_name, book_series, book_author, book_type, book_age, book_status, book_comment,      book_image, book_library, book_account, create_time, update_time, express1, express2        from t_book_introduct     where id = ?   
[BookManager] 2018-02-13 10:23:47538 ? DEBUG -263152 java.sql.PreparedStatement - {pstm-100132} Parameters: [198]
[BookManager] 2018-02-13 10:23:47539 ? DEBUG -263153 java.sql.PreparedStatement - {pstm-100132} Types: [java.lang.Integer]
[BookManager] 2018-02-13 10:23:51462 ? DEBUG -267076 java.sql.Connection - {conn-100134} Connection
[BookManager] 2018-02-13 10:23:51463 ? DEBUG -267077 java.sql.Connection - {conn-100134} Preparing Statement:      select count(*) from t_book_introduct                
[BookManager] 2018-02-13 10:23:51463 ? DEBUG -267077 java.sql.PreparedStatement - {pstm-100135} Executing Statement:      select count(*) from t_book_introduct                
[BookManager] 2018-02-13 10:23:51463 ? DEBUG -267077 java.sql.PreparedStatement - {pstm-100135} Parameters: []
[BookManager] 2018-02-13 10:23:51464 ? DEBUG -267078 java.sql.PreparedStatement - {pstm-100135} Types: []
[BookManager] 2018-02-13 10:23:51466 ? DEBUG -267080 java.sql.Connection - {conn-100137} Connection
[BookManager] 2018-02-13 10:23:51467 ? DEBUG -267081 java.sql.Connection - {conn-100137} Preparing Statement:      select                           id, book_name, book_series, book_author, book_type, book_age, book_status, book_comment,      book_image, book_library, book_account, create_time, update_time, express1, express2        from t_book_introduct                                    order by create_time DESC                                                  limit ? , ?                            
[BookManager] 2018-02-13 10:23:51468 ? DEBUG -267082 java.sql.PreparedStatement - {pstm-100138} Executing Statement:      select                           id, book_name, book_series, book_author, book_type, book_age, book_status, book_comment,      book_image, book_library, book_account, create_time, update_time, express1, express2        from t_book_introduct                                    order by create_time DESC                                                  limit ? , ?                            
[BookManager] 2018-02-13 10:23:51469 ? DEBUG -267083 java.sql.PreparedStatement - {pstm-100138} Parameters: [0, 6]
[BookManager] 2018-02-13 10:23:51469 ? DEBUG -267083 java.sql.PreparedStatement - {pstm-100138} Types: [java.lang.Integer, java.lang.Integer]
[BookManager] 2018-02-13 10:24:25606 ? DEBUG -301220 java.sql.Connection - {conn-100140} Connection
[BookManager] 2018-02-13 10:24:25608 ? DEBUG -301222 java.sql.Connection - {conn-100140} Preparing Statement:      select count(*) from t_book_introduct          where                (                             book_library = ?                                    )                  
[BookManager] 2018-02-13 10:24:25609 ? DEBUG -301223 java.sql.PreparedStatement - {pstm-100141} Executing Statement:      select count(*) from t_book_introduct          where                (                             book_library = ?                                    )                  
[BookManager] 2018-02-13 10:24:25609 ? DEBUG -301223 java.sql.PreparedStatement - {pstm-100141} Parameters: [小生图书]
[BookManager] 2018-02-13 10:24:25609 ? DEBUG -301223 java.sql.PreparedStatement - {pstm-100141} Types: [java.lang.String]
[BookManager] 2018-02-13 10:24:25612 ? DEBUG -301226 java.sql.Connection - {conn-100143} Connection
[BookManager] 2018-02-13 10:24:25614 ? DEBUG -301228 java.sql.Connection - {conn-100143} Preparing Statement:      select                           id, book_name, book_series, book_author, book_type, book_age, book_status, book_comment,      book_image, book_library, book_account, create_time, update_time, express1, express2        from t_book_introduct                 where                (                             book_library = ?                                    )                               order by create_time DESC                                                  limit ? , ?                            
[BookManager] 2018-02-13 10:24:25615 ? DEBUG -301229 java.sql.PreparedStatement - {pstm-100144} Executing Statement:      select                           id, book_name, book_series, book_author, book_type, book_age, book_status, book_comment,      book_image, book_library, book_account, create_time, update_time, express1, express2        from t_book_introduct                 where                (                             book_library = ?                                    )                               order by create_time DESC                                                  limit ? , ?                            
[BookManager] 2018-02-13 10:24:25615 ? DEBUG -301229 java.sql.PreparedStatement - {pstm-100144} Parameters: [小生图书, 0, 6]
[BookManager] 2018-02-13 10:24:25616 ? DEBUG -301230 java.sql.PreparedStatement - {pstm-100144} Types: [java.lang.String, java.lang.Integer, java.lang.Integer]
[BookManager] 2018-02-13 10:24:27711 ? DEBUG -303325 java.sql.Connection - {conn-100146} Connection
[BookManager] 2018-02-13 10:24:27713 ? DEBUG -303327 java.sql.Connection - {conn-100146} Preparing Statement:      select           id, book_name, book_series, book_author, book_type, book_age, book_status, book_comment,      book_image, book_library, book_account, create_time, update_time, express1, express2        from t_book_introduct     where id = ?   
[BookManager] 2018-02-13 10:24:27714 ? DEBUG -303328 java.sql.PreparedStatement - {pstm-100147} Executing Statement:      select           id, book_name, book_series, book_author, book_type, book_age, book_status, book_comment,      book_image, book_library, book_account, create_time, update_time, express1, express2        from t_book_introduct     where id = ?   
[BookManager] 2018-02-13 10:24:27715 ? DEBUG -303329 java.sql.PreparedStatement - {pstm-100147} Parameters: [201]
[BookManager] 2018-02-13 10:24:27715 ? DEBUG -303329 java.sql.PreparedStatement - {pstm-100147} Types: [java.lang.Integer]
[BookManager] 2018-02-13 10:24:31380 ? DEBUG -306994 java.sql.Connection - {conn-100149} Connection
[BookManager] 2018-02-13 10:24:31381 ? DEBUG -306995 java.sql.Connection - {conn-100149} Preparing Statement:      select count(*) from t_book_introduct          where                (                             book_author = ?                                    )                  
[BookManager] 2018-02-13 10:24:31381 ? DEBUG -306995 java.sql.PreparedStatement - {pstm-100150} Executing Statement:      select count(*) from t_book_introduct          where                (                             book_author = ?                                    )                  
[BookManager] 2018-02-13 10:24:31381 ? DEBUG -306995 java.sql.PreparedStatement - {pstm-100150} Parameters: [曹雪芹]
[BookManager] 2018-02-13 10:24:31381 ? DEBUG -306995 java.sql.PreparedStatement - {pstm-100150} Types: [java.lang.String]
[BookManager] 2018-02-13 10:24:31383 ? DEBUG -306997 java.sql.Connection - {conn-100152} Connection
[BookManager] 2018-02-13 10:24:31383 ? DEBUG -306997 java.sql.Connection - {conn-100152} Preparing Statement:      select                           id, book_name, book_series, book_author, book_type, book_age, book_status, book_comment,      book_image, book_library, book_account, create_time, update_time, express1, express2        from t_book_introduct                 where                (                             book_author = ?                                    )                               order by create_time DESC                                                  limit ? , ?                            
[BookManager] 2018-02-13 10:24:31384 ? DEBUG -306998 java.sql.PreparedStatement - {pstm-100153} Executing Statement:      select                           id, book_name, book_series, book_author, book_type, book_age, book_status, book_comment,      book_image, book_library, book_account, create_time, update_time, express1, express2        from t_book_introduct                 where                (                             book_author = ?                                    )                               order by create_time DESC                                                  limit ? , ?                            
[BookManager] 2018-02-13 10:24:31385 ? DEBUG -306999 java.sql.PreparedStatement - {pstm-100153} Parameters: [曹雪芹, 0, 6]
[BookManager] 2018-02-13 10:24:31385 ? DEBUG -306999 java.sql.PreparedStatement - {pstm-100153} Types: [java.lang.String, java.lang.Integer, java.lang.Integer]
[BookManager] 2018-02-13 10:24:35297 ? DEBUG -310911 java.sql.Connection - {conn-100155} Connection
[BookManager] 2018-02-13 10:24:35299 ? DEBUG -310913 java.sql.Connection - {conn-100155} Preparing Statement:      select count(*) from t_book_introduct                
[BookManager] 2018-02-13 10:24:35300 ? DEBUG -310914 java.sql.PreparedStatement - {pstm-100156} Executing Statement:      select count(*) from t_book_introduct                
[BookManager] 2018-02-13 10:24:35300 ? DEBUG -310914 java.sql.PreparedStatement - {pstm-100156} Parameters: []
[BookManager] 2018-02-13 10:24:35301 ? DEBUG -310915 java.sql.PreparedStatement - {pstm-100156} Types: []
[BookManager] 2018-02-13 10:24:35303 ? DEBUG -310917 java.sql.Connection - {conn-100158} Connection
[BookManager] 2018-02-13 10:24:35304 ? DEBUG -310918 java.sql.Connection - {conn-100158} Preparing Statement:      select                           id, book_name, book_series, book_author, book_type, book_age, book_status, book_comment,      book_image, book_library, book_account, create_time, update_time, express1, express2        from t_book_introduct                                    order by create_time DESC                                                  limit ? , ?                            
[BookManager] 2018-02-13 10:24:35305 ? DEBUG -310919 java.sql.PreparedStatement - {pstm-100159} Executing Statement:      select                           id, book_name, book_series, book_author, book_type, book_age, book_status, book_comment,      book_image, book_library, book_account, create_time, update_time, express1, express2        from t_book_introduct                                    order by create_time DESC                                                  limit ? , ?                            
[BookManager] 2018-02-13 10:24:35305 ? DEBUG -310919 java.sql.PreparedStatement - {pstm-100159} Parameters: [0, 6]
[BookManager] 2018-02-13 10:24:35306 ? DEBUG -310920 java.sql.PreparedStatement - {pstm-100159} Types: [java.lang.Integer, java.lang.Integer]
[BookManager] 2018-02-13 10:24:37715 ? DEBUG -313329 java.sql.Connection - {conn-100161} Connection
[BookManager] 2018-02-13 10:24:37716 ? DEBUG -313330 java.sql.Connection - {conn-100161} Preparing Statement:      select count(*) from t_book_introduct          where                (                             book_series = ?                                    )                  
[BookManager] 2018-02-13 10:24:37720 ? DEBUG -313334 java.sql.PreparedStatement - {pstm-100162} Executing Statement:      select count(*) from t_book_introduct          where                (                             book_series = ?                                    )                  
[BookManager] 2018-02-13 10:24:37721 ? DEBUG -313335 java.sql.PreparedStatement - {pstm-100162} Parameters: [经典]
[BookManager] 2018-02-13 10:24:37721 ? DEBUG -313335 java.sql.PreparedStatement - {pstm-100162} Types: [java.lang.String]
[BookManager] 2018-02-13 10:24:37723 ? DEBUG -313337 java.sql.Connection - {conn-100164} Connection
[BookManager] 2018-02-13 10:24:37725 ? DEBUG -313339 java.sql.Connection - {conn-100164} Preparing Statement:      select                           id, book_name, book_series, book_author, book_type, book_age, book_status, book_comment,      book_image, book_library, book_account, create_time, update_time, express1, express2        from t_book_introduct                 where                (                             book_series = ?                                    )                               order by create_time DESC                                                  limit ? , ?                            
[BookManager] 2018-02-13 10:24:37725 ? DEBUG -313339 java.sql.PreparedStatement - {pstm-100165} Executing Statement:      select                           id, book_name, book_series, book_author, book_type, book_age, book_status, book_comment,      book_image, book_library, book_account, create_time, update_time, express1, express2        from t_book_introduct                 where                (                             book_series = ?                                    )                               order by create_time DESC                                                  limit ? , ?                            
[BookManager] 2018-02-13 10:24:37726 ? DEBUG -313340 java.sql.PreparedStatement - {pstm-100165} Parameters: [经典, 0, 6]
[BookManager] 2018-02-13 10:24:37726 ? DEBUG -313340 java.sql.PreparedStatement - {pstm-100165} Types: [java.lang.String, java.lang.Integer, java.lang.Integer]
[BookManager] 2018-02-13 10:24:41463 ? DEBUG -317077 java.sql.Connection - {conn-100167} Connection
[BookManager] 2018-02-13 10:24:41464 ? DEBUG -317078 java.sql.Connection - {conn-100167} Preparing Statement:      select count(*) from t_book_introduct          where                (                             book_library = ?                                    )                  
[BookManager] 2018-02-13 10:24:41465 ? DEBUG -317079 java.sql.PreparedStatement - {pstm-100168} Executing Statement:      select count(*) from t_book_introduct          where                (                             book_library = ?                                    )                  
[BookManager] 2018-02-13 10:24:41466 ? DEBUG -317080 java.sql.PreparedStatement - {pstm-100168} Parameters: [小生图书]
[BookManager] 2018-02-13 10:24:41466 ? DEBUG -317080 java.sql.PreparedStatement - {pstm-100168} Types: [java.lang.String]
[BookManager] 2018-02-13 10:24:41471 ? DEBUG -317085 java.sql.Connection - {conn-100170} Connection
[BookManager] 2018-02-13 10:24:41473 ? DEBUG -317087 java.sql.Connection - {conn-100170} Preparing Statement:      select                           id, book_name, book_series, book_author, book_type, book_age, book_status, book_comment,      book_image, book_library, book_account, create_time, update_time, express1, express2        from t_book_introduct                 where                (                             book_library = ?                                    )                               order by create_time DESC                                                  limit ? , ?                            
[BookManager] 2018-02-13 10:24:41474 ? DEBUG -317088 java.sql.PreparedStatement - {pstm-100171} Executing Statement:      select                           id, book_name, book_series, book_author, book_type, book_age, book_status, book_comment,      book_image, book_library, book_account, create_time, update_time, express1, express2        from t_book_introduct                 where                (                             book_library = ?                                    )                               order by create_time DESC                                                  limit ? , ?                            
[BookManager] 2018-02-13 10:24:41475 ? DEBUG -317089 java.sql.PreparedStatement - {pstm-100171} Parameters: [小生图书, 0, 6]
[BookManager] 2018-02-13 10:24:41475 ? DEBUG -317089 java.sql.PreparedStatement - {pstm-100171} Types: [java.lang.String, java.lang.Integer, java.lang.Integer]
[BookManager] 2018-02-13 10:24:47471 ? DEBUG -323085 java.sql.Connection - {conn-100173} Connection
[BookManager] 2018-02-13 10:24:47471 ? DEBUG -323085 java.sql.Connection - {conn-100173} Preparing Statement:      select count(*) from t_book_introduct                
[BookManager] 2018-02-13 10:24:47472 ? DEBUG -323086 java.sql.PreparedStatement - {pstm-100174} Executing Statement:      select count(*) from t_book_introduct                
[BookManager] 2018-02-13 10:24:47472 ? DEBUG -323086 java.sql.PreparedStatement - {pstm-100174} Parameters: []
[BookManager] 2018-02-13 10:24:47472 ? DEBUG -323086 java.sql.PreparedStatement - {pstm-100174} Types: []
[BookManager] 2018-02-13 10:24:47473 ? DEBUG -323087 java.sql.Connection - {conn-100176} Connection
[BookManager] 2018-02-13 10:24:47474 ? DEBUG -323088 java.sql.Connection - {conn-100176} Preparing Statement:      select                           id, book_name, book_series, book_author, book_type, book_age, book_status, book_comment,      book_image, book_library, book_account, create_time, update_time, express1, express2        from t_book_introduct                                    order by create_time DESC                                                  limit ? , ?                            
[BookManager] 2018-02-13 10:24:47474 ? DEBUG -323088 java.sql.PreparedStatement - {pstm-100177} Executing Statement:      select                           id, book_name, book_series, book_author, book_type, book_age, book_status, book_comment,      book_image, book_library, book_account, create_time, update_time, express1, express2        from t_book_introduct                                    order by create_time DESC                                                  limit ? , ?                            
[BookManager] 2018-02-13 10:24:47475 ? DEBUG -323089 java.sql.PreparedStatement - {pstm-100177} Parameters: [0, 6]
[BookManager] 2018-02-13 10:24:47475 ? DEBUG -323089 java.sql.PreparedStatement - {pstm-100177} Types: [java.lang.Integer, java.lang.Integer]
[BookManager] 2018-02-13 10:24:49125 ? DEBUG -324739 java.sql.Connection - {conn-100179} Connection
[BookManager] 2018-02-13 10:24:49126 ? DEBUG -324740 java.sql.Connection - {conn-100179} Preparing Statement:      select count(*) from t_book_introduct          where                (                             book_series = ?                                    )                  
[BookManager] 2018-02-13 10:24:49127 ? DEBUG -324741 java.sql.PreparedStatement - {pstm-100180} Executing Statement:      select count(*) from t_book_introduct          where                (                             book_series = ?                                    )                  
[BookManager] 2018-02-13 10:24:49127 ? DEBUG -324741 java.sql.PreparedStatement - {pstm-100180} Parameters: [动漫]
[BookManager] 2018-02-13 10:24:49127 ? DEBUG -324741 java.sql.PreparedStatement - {pstm-100180} Types: [java.lang.String]
[BookManager] 2018-02-13 10:24:49129 ? DEBUG -324743 java.sql.Connection - {conn-100182} Connection
[BookManager] 2018-02-13 10:24:49130 ? DEBUG -324744 java.sql.Connection - {conn-100182} Preparing Statement:      select                           id, book_name, book_series, book_author, book_type, book_age, book_status, book_comment,      book_image, book_library, book_account, create_time, update_time, express1, express2        from t_book_introduct                 where                (                             book_series = ?                                    )                               order by create_time DESC                                                  limit ? , ?                            
[BookManager] 2018-02-13 10:24:49131 ? DEBUG -324745 java.sql.PreparedStatement - {pstm-100183} Executing Statement:      select                           id, book_name, book_series, book_author, book_type, book_age, book_status, book_comment,      book_image, book_library, book_account, create_time, update_time, express1, express2        from t_book_introduct                 where                (                             book_series = ?                                    )                               order by create_time DESC                                                  limit ? , ?                            
[BookManager] 2018-02-13 10:24:49131 ? DEBUG -324745 java.sql.PreparedStatement - {pstm-100183} Parameters: [动漫, 0, 6]
[BookManager] 2018-02-13 10:24:49132 ? DEBUG -324746 java.sql.PreparedStatement - {pstm-100183} Types: [java.lang.String, java.lang.Integer, java.lang.Integer]
[BookManager] 2018-02-13 10:24:51518 ? DEBUG -327132 java.sql.Connection - {conn-100185} Connection
[BookManager] 2018-02-13 10:24:51519 ? DEBUG -327133 java.sql.Connection - {conn-100185} Preparing Statement:      select           id, book_name, book_series, book_author, book_type, book_age, book_status, book_comment,      book_image, book_library, book_account, create_time, update_time, express1, express2        from t_book_introduct     where id = ?   
[BookManager] 2018-02-13 10:24:51520 ? DEBUG -327134 java.sql.PreparedStatement - {pstm-100186} Executing Statement:      select           id, book_name, book_series, book_author, book_type, book_age, book_status, book_comment,      book_image, book_library, book_account, create_time, update_time, express1, express2        from t_book_introduct     where id = ?   
[BookManager] 2018-02-13 10:24:51520 ? DEBUG -327134 java.sql.PreparedStatement - {pstm-100186} Parameters: [203]
[BookManager] 2018-02-13 10:24:51520 ? DEBUG -327134 java.sql.PreparedStatement - {pstm-100186} Types: [java.lang.Integer]
[BookManager] 2018-02-13 10:27:0731 ? DEBUG -462645 java.sql.Connection - {conn-100188} Connection
[BookManager] 2018-02-13 10:27:0736 ? DEBUG -462650 java.sql.Connection - {conn-100188} Preparing Statement:      select count(*) from t_book_introduct                
[BookManager] 2018-02-13 10:27:0737 ? DEBUG -462651 java.sql.PreparedStatement - {pstm-100189} Executing Statement:      select count(*) from t_book_introduct                
[BookManager] 2018-02-13 10:27:0737 ? DEBUG -462651 java.sql.PreparedStatement - {pstm-100189} Parameters: []
[BookManager] 2018-02-13 10:27:0738 ? DEBUG -462652 java.sql.PreparedStatement - {pstm-100189} Types: []
[BookManager] 2018-02-13 10:27:0740 ? DEBUG -462654 java.sql.Connection - {conn-100191} Connection
[BookManager] 2018-02-13 10:27:0741 ? DEBUG -462655 java.sql.Connection - {conn-100191} Preparing Statement:      select                           id, book_name, book_series, book_author, book_type, book_age, book_status, book_comment,      book_image, book_library, book_account, create_time, update_time, express1, express2        from t_book_introduct                                    order by create_time DESC                                                  limit ? , ?                            
[BookManager] 2018-02-13 10:27:0742 ? DEBUG -462656 java.sql.PreparedStatement - {pstm-100192} Executing Statement:      select                           id, book_name, book_series, book_author, book_type, book_age, book_status, book_comment,      book_image, book_library, book_account, create_time, update_time, express1, express2        from t_book_introduct                                    order by create_time DESC                                                  limit ? , ?                            
[BookManager] 2018-02-13 10:27:0742 ? DEBUG -462656 java.sql.PreparedStatement - {pstm-100192} Parameters: [0, 6]
[BookManager] 2018-02-13 10:27:0742 ? DEBUG -462656 java.sql.PreparedStatement - {pstm-100192} Types: [java.lang.Integer, java.lang.Integer]
[BookManager] 2018-02-13 10:31:2558 ? DEBUG -720672 java.sql.Connection - {conn-100194} Connection
[BookManager] 2018-02-13 10:31:2559 ? DEBUG -720673 java.sql.Connection - {conn-100194} Preparing Statement:      select count(*) from t_book_introduct          where                (                             book_library = ?                                    )                  
[BookManager] 2018-02-13 10:31:2560 ? DEBUG -720674 java.sql.PreparedStatement - {pstm-100195} Executing Statement:      select count(*) from t_book_introduct          where                (                             book_library = ?                                    )                  
[BookManager] 2018-02-13 10:31:2561 ? DEBUG -720675 java.sql.PreparedStatement - {pstm-100195} Parameters: [小生图书]
[BookManager] 2018-02-13 10:31:2561 ? DEBUG -720675 java.sql.PreparedStatement - {pstm-100195} Types: [java.lang.String]
[BookManager] 2018-02-13 10:31:2564 ? DEBUG -720678 java.sql.Connection - {conn-100197} Connection
[BookManager] 2018-02-13 10:31:2565 ? DEBUG -720679 java.sql.Connection - {conn-100197} Preparing Statement:      select                           id, book_name, book_series, book_author, book_type, book_age, book_status, book_comment,      book_image, book_library, book_account, create_time, update_time, express1, express2        from t_book_introduct                 where                (                             book_library = ?                                    )                               order by create_time DESC                                                  limit ? , ?                            
[BookManager] 2018-02-13 10:31:2566 ? DEBUG -720680 java.sql.PreparedStatement - {pstm-100198} Executing Statement:      select                           id, book_name, book_series, book_author, book_type, book_age, book_status, book_comment,      book_image, book_library, book_account, create_time, update_time, express1, express2        from t_book_introduct                 where                (                             book_library = ?                                    )                               order by create_time DESC                                                  limit ? , ?                            
[BookManager] 2018-02-13 10:31:2566 ? DEBUG -720680 java.sql.PreparedStatement - {pstm-100198} Parameters: [小生图书, 0, 6]
[BookManager] 2018-02-13 10:31:2566 ? DEBUG -720680 java.sql.PreparedStatement - {pstm-100198} Types: [java.lang.String, java.lang.Integer, java.lang.Integer]
[BookManager] 2018-02-13 10:31:25834 ? DEBUG -721448 java.sql.Connection - {conn-100200} Connection
[BookManager] 2018-02-13 10:31:25836 ? DEBUG -721450 java.sql.Connection - {conn-100200} Preparing Statement:      select count(*) from t_book_introduct          where                (                             book_library = ?                                    )                  
[BookManager] 2018-02-13 10:31:25837 ? DEBUG -721451 java.sql.PreparedStatement - {pstm-100201} Executing Statement:      select count(*) from t_book_introduct          where                (                             book_library = ?                                    )                  
[BookManager] 2018-02-13 10:31:25838 ? DEBUG -721452 java.sql.PreparedStatement - {pstm-100201} Parameters: [小生图书]
[BookManager] 2018-02-13 10:31:25839 ? DEBUG -721453 java.sql.PreparedStatement - {pstm-100201} Types: [java.lang.String]
[BookManager] 2018-02-13 10:31:25841 ? DEBUG -721455 java.sql.Connection - {conn-100203} Connection
[BookManager] 2018-02-13 10:31:25843 ? DEBUG -721457 java.sql.Connection - {conn-100203} Preparing Statement:      select                           id, book_name, book_series, book_author, book_type, book_age, book_status, book_comment,      book_image, book_library, book_account, create_time, update_time, express1, express2        from t_book_introduct                 where                (                             book_library = ?                                    )                               order by create_time DESC                                                  limit ? , ?                            
[BookManager] 2018-02-13 10:31:25844 ? DEBUG -721458 java.sql.PreparedStatement - {pstm-100204} Executing Statement:      select                           id, book_name, book_series, book_author, book_type, book_age, book_status, book_comment,      book_image, book_library, book_account, create_time, update_time, express1, express2        from t_book_introduct                 where                (                             book_library = ?                                    )                               order by create_time DESC                                                  limit ? , ?                            
[BookManager] 2018-02-13 10:31:25844 ? DEBUG -721458 java.sql.PreparedStatement - {pstm-100204} Parameters: [小生图书, 0, 6]
[BookManager] 2018-02-13 10:31:25844 ? DEBUG -721458 java.sql.PreparedStatement - {pstm-100204} Types: [java.lang.String, java.lang.Integer, java.lang.Integer]
[BookManager] 2018-02-13 10:31:2682 ? DEBUG -721696 java.sql.Connection - {conn-100206} Connection
[BookManager] 2018-02-13 10:31:2683 ? DEBUG -721697 java.sql.Connection - {conn-100206} Preparing Statement:      select count(*) from t_book_introduct          where                (                             book_library = ?                                    )                  
[BookManager] 2018-02-13 10:31:2684 ? DEBUG -721698 java.sql.PreparedStatement - {pstm-100207} Executing Statement:      select count(*) from t_book_introduct          where                (                             book_library = ?                                    )                  
[BookManager] 2018-02-13 10:31:2684 ? DEBUG -721698 java.sql.PreparedStatement - {pstm-100207} Parameters: [小生图书]
[BookManager] 2018-02-13 10:31:2685 ? DEBUG -721699 java.sql.PreparedStatement - {pstm-100207} Types: [java.lang.String]
[BookManager] 2018-02-13 10:31:2687 ? DEBUG -721701 java.sql.Connection - {conn-100209} Connection
[BookManager] 2018-02-13 10:31:2688 ? DEBUG -721702 java.sql.Connection - {conn-100209} Preparing Statement:      select                           id, book_name, book_series, book_author, book_type, book_age, book_status, book_comment,      book_image, book_library, book_account, create_time, update_time, express1, express2        from t_book_introduct                 where                (                             book_library = ?                                    )                               order by create_time DESC                                                  limit ? , ?                            
[BookManager] 2018-02-13 10:31:2689 ? DEBUG -721703 java.sql.PreparedStatement - {pstm-100210} Executing Statement:      select                           id, book_name, book_series, book_author, book_type, book_age, book_status, book_comment,      book_image, book_library, book_account, create_time, update_time, express1, express2        from t_book_introduct                 where                (                             book_library = ?                                    )                               order by create_time DESC                                                  limit ? , ?                            
[BookManager] 2018-02-13 10:31:2689 ? DEBUG -721703 java.sql.PreparedStatement - {pstm-100210} Parameters: [小生图书, 0, 6]
[BookManager] 2018-02-13 10:31:2690 ? DEBUG -721704 java.sql.PreparedStatement - {pstm-100210} Types: [java.lang.String, java.lang.Integer, java.lang.Integer]
[BookManager] 2018-02-13 10:31:29153 ? DEBUG -724767 java.sql.Connection - {conn-100212} Connection
[BookManager] 2018-02-13 10:31:29154 ? DEBUG -724768 java.sql.Connection - {conn-100212} Preparing Statement:      select count(*) from t_book_introduct          where                (                             book_library = ?                                    )                  
[BookManager] 2018-02-13 10:31:29155 ? DEBUG -724769 java.sql.PreparedStatement - {pstm-100213} Executing Statement:      select count(*) from t_book_introduct          where                (                             book_library = ?                                    )                  
[BookManager] 2018-02-13 10:31:29155 ? DEBUG -724769 java.sql.PreparedStatement - {pstm-100213} Parameters: [小生图书]
[BookManager] 2018-02-13 10:31:29155 ? DEBUG -724769 java.sql.PreparedStatement - {pstm-100213} Types: [java.lang.String]
[BookManager] 2018-02-13 10:31:29157 ? DEBUG -724771 java.sql.Connection - {conn-100215} Connection
[BookManager] 2018-02-13 10:31:29158 ? DEBUG -724772 java.sql.Connection - {conn-100215} Preparing Statement:      select                           id, book_name, book_series, book_author, book_type, book_age, book_status, book_comment,      book_image, book_library, book_account, create_time, update_time, express1, express2        from t_book_introduct                 where                (                             book_library = ?                                    )                               order by create_time DESC                                                  limit ? , ?                            
[BookManager] 2018-02-13 10:31:29158 ? DEBUG -724772 java.sql.PreparedStatement - {pstm-100216} Executing Statement:      select                           id, book_name, book_series, book_author, book_type, book_age, book_status, book_comment,      book_image, book_library, book_account, create_time, update_time, express1, express2        from t_book_introduct                 where                (                             book_library = ?                                    )                               order by create_time DESC                                                  limit ? , ?                            
[BookManager] 2018-02-13 10:31:29158 ? DEBUG -724772 java.sql.PreparedStatement - {pstm-100216} Parameters: [小生图书, 0, 6]
[BookManager] 2018-02-13 10:31:29159 ? DEBUG -724773 java.sql.PreparedStatement - {pstm-100216} Types: [java.lang.String, java.lang.Integer, java.lang.Integer]
[BookManager] 2018-02-13 10:31:30398 ? DEBUG -726012 java.sql.Connection - {conn-100218} Connection
[BookManager] 2018-02-13 10:31:30398 ? DEBUG -726012 java.sql.Connection - {conn-100218} Preparing Statement:      select count(*) from t_book_introduct                
[BookManager] 2018-02-13 10:31:30399 ? DEBUG -726013 java.sql.PreparedStatement - {pstm-100219} Executing Statement:      select count(*) from t_book_introduct                
[BookManager] 2018-02-13 10:31:30399 ? DEBUG -726013 java.sql.PreparedStatement - {pstm-100219} Parameters: []
[BookManager] 2018-02-13 10:31:30399 ? DEBUG -726013 java.sql.PreparedStatement - {pstm-100219} Types: []
[BookManager] 2018-02-13 10:31:30401 ? DEBUG -726015 java.sql.Connection - {conn-100221} Connection
[BookManager] 2018-02-13 10:31:30401 ? DEBUG -726015 java.sql.Connection - {conn-100221} Preparing Statement:      select                           id, book_name, book_series, book_author, book_type, book_age, book_status, book_comment,      book_image, book_library, book_account, create_time, update_time, express1, express2        from t_book_introduct                                    order by create_time DESC                                                  limit ? , ?                            
[BookManager] 2018-02-13 10:31:30402 ? DEBUG -726016 java.sql.PreparedStatement - {pstm-100222} Executing Statement:      select                           id, book_name, book_series, book_author, book_type, book_age, book_status, book_comment,      book_image, book_library, book_account, create_time, update_time, express1, express2        from t_book_introduct                                    order by create_time DESC                                                  limit ? , ?                            
[BookManager] 2018-02-13 10:31:30402 ? DEBUG -726016 java.sql.PreparedStatement - {pstm-100222} Parameters: [0, 6]
[BookManager] 2018-02-13 10:31:30402 ? DEBUG -726016 java.sql.PreparedStatement - {pstm-100222} Types: [java.lang.Integer, java.lang.Integer]
[BookManager] 2018-02-13 10:33:12826 ? DEBUG -828440 java.sql.Connection - {conn-100224} Connection
[BookManager] 2018-02-13 10:33:12827 ? DEBUG -828441 java.sql.Connection - {conn-100224} Preparing Statement:      select count(*) from t_book_introduct                
[BookManager] 2018-02-13 10:33:12827 ? DEBUG -828441 java.sql.PreparedStatement - {pstm-100225} Executing Statement:      select count(*) from t_book_introduct                
[BookManager] 2018-02-13 10:33:12828 ? DEBUG -828442 java.sql.PreparedStatement - {pstm-100225} Parameters: []
[BookManager] 2018-02-13 10:33:12828 ? DEBUG -828442 java.sql.PreparedStatement - {pstm-100225} Types: []
[BookManager] 2018-02-13 10:33:12830 ? DEBUG -828444 java.sql.Connection - {conn-100227} Connection
[BookManager] 2018-02-13 10:33:12830 ? DEBUG -828444 java.sql.Connection - {conn-100227} Preparing Statement:      select                           id, book_name, book_series, book_author, book_type, book_age, book_status, book_comment,      book_image, book_library, book_account, create_time, update_time, express1, express2        from t_book_introduct                                    order by create_time DESC                                                  limit ? , ?                            
[BookManager] 2018-02-13 10:33:12831 ? DEBUG -828445 java.sql.PreparedStatement - {pstm-100228} Executing Statement:      select                           id, book_name, book_series, book_author, book_type, book_age, book_status, book_comment,      book_image, book_library, book_account, create_time, update_time, express1, express2        from t_book_introduct                                    order by create_time DESC                                                  limit ? , ?                            
[BookManager] 2018-02-13 10:33:12831 ? DEBUG -828445 java.sql.PreparedStatement - {pstm-100228} Parameters: [0, 6]
[BookManager] 2018-02-13 10:33:12831 ? DEBUG -828445 java.sql.PreparedStatement - {pstm-100228} Types: [java.lang.Integer, java.lang.Integer]
[BookManager] 2018-02-13 10:33:51279 ? DEBUG -866893 java.sql.Connection - {conn-100230} Connection
[BookManager] 2018-02-13 10:33:51280 ? DEBUG -866894 java.sql.Connection - {conn-100230} Preparing Statement:      select count(*) from t_book_introduct                
[BookManager] 2018-02-13 10:33:51280 ? DEBUG -866894 java.sql.PreparedStatement - {pstm-100231} Executing Statement:      select count(*) from t_book_introduct                
[BookManager] 2018-02-13 10:33:51281 ? DEBUG -866895 java.sql.PreparedStatement - {pstm-100231} Parameters: []
[BookManager] 2018-02-13 10:33:51281 ? DEBUG -866895 java.sql.PreparedStatement - {pstm-100231} Types: []
[BookManager] 2018-02-13 10:33:51284 ? DEBUG -866898 java.sql.Connection - {conn-100233} Connection
[BookManager] 2018-02-13 10:33:51285 ? DEBUG -866899 java.sql.Connection - {conn-100233} Preparing Statement:      select                           id, book_name, book_series, book_author, book_type, book_age, book_status, book_comment,      book_image, book_library, book_account, create_time, update_time, express1, express2        from t_book_introduct                                    order by create_time DESC                                                  limit ? , ?                            
[BookManager] 2018-02-13 10:33:51286 ? DEBUG -866900 java.sql.PreparedStatement - {pstm-100234} Executing Statement:      select                           id, book_name, book_series, book_author, book_type, book_age, book_status, book_comment,      book_image, book_library, book_account, create_time, update_time, express1, express2        from t_book_introduct                                    order by create_time DESC                                                  limit ? , ?                            
[BookManager] 2018-02-13 10:33:51286 ? DEBUG -866900 java.sql.PreparedStatement - {pstm-100234} Parameters: [0, 6]
[BookManager] 2018-02-13 10:33:51286 ? DEBUG -866900 java.sql.PreparedStatement - {pstm-100234} Types: [java.lang.Integer, java.lang.Integer]
[BookManager] 2018-02-13 10:34:29866 ? DEBUG -905480 java.sql.Connection - {conn-100236} Connection
[BookManager] 2018-02-13 10:34:29867 ? DEBUG -905481 java.sql.Connection - {conn-100236} Preparing Statement:      select count(*) from t_book_introduct                
[BookManager] 2018-02-13 10:34:29867 ? DEBUG -905481 java.sql.PreparedStatement - {pstm-100237} Executing Statement:      select count(*) from t_book_introduct                
[BookManager] 2018-02-13 10:34:29868 ? DEBUG -905482 java.sql.PreparedStatement - {pstm-100237} Parameters: []
[BookManager] 2018-02-13 10:34:29868 ? DEBUG -905482 java.sql.PreparedStatement - {pstm-100237} Types: []
[BookManager] 2018-02-13 10:34:29872 ? DEBUG -905486 java.sql.Connection - {conn-100239} Connection
[BookManager] 2018-02-13 10:34:29873 ? DEBUG -905487 java.sql.Connection - {conn-100239} Preparing Statement:      select                           id, book_name, book_series, book_author, book_type, book_age, book_status, book_comment,      book_image, book_library, book_account, create_time, update_time, express1, express2        from t_book_introduct                                    order by create_time DESC                                                  limit ? , ?                            
[BookManager] 2018-02-13 10:34:29873 ? DEBUG -905487 java.sql.PreparedStatement - {pstm-100240} Executing Statement:      select                           id, book_name, book_series, book_author, book_type, book_age, book_status, book_comment,      book_image, book_library, book_account, create_time, update_time, express1, express2        from t_book_introduct                                    order by create_time DESC                                                  limit ? , ?                            
[BookManager] 2018-02-13 10:34:29873 ? DEBUG -905487 java.sql.PreparedStatement - {pstm-100240} Parameters: [0, 6]
[BookManager] 2018-02-13 10:34:29873 ? DEBUG -905487 java.sql.PreparedStatement - {pstm-100240} Types: [java.lang.Integer, java.lang.Integer]
[BookManager] 2018-02-13 10:34:31950 ? DEBUG -907564 java.sql.Connection - {conn-100242} Connection
[BookManager] 2018-02-13 10:34:31951 ? DEBUG -907565 java.sql.Connection - {conn-100242} Preparing Statement:      select count(*) from t_book_introduct                
[BookManager] 2018-02-13 10:34:31951 ? DEBUG -907565 java.sql.PreparedStatement - {pstm-100243} Executing Statement:      select count(*) from t_book_introduct                
[BookManager] 2018-02-13 10:34:31951 ? DEBUG -907565 java.sql.PreparedStatement - {pstm-100243} Parameters: []
[BookManager] 2018-02-13 10:34:31952 ? DEBUG -907566 java.sql.PreparedStatement - {pstm-100243} Types: []
[BookManager] 2018-02-13 10:34:31956 ? DEBUG -907570 java.sql.Connection - {conn-100245} Connection
[BookManager] 2018-02-13 10:34:31957 ? DEBUG -907571 java.sql.Connection - {conn-100245} Preparing Statement:      select                           id, book_name, book_series, book_author, book_type, book_age, book_status, book_comment,      book_image, book_library, book_account, create_time, update_time, express1, express2        from t_book_introduct                                    order by create_time DESC                                                  limit ? , ?                            
[BookManager] 2018-02-13 10:34:31958 ? DEBUG -907572 java.sql.PreparedStatement - {pstm-100246} Executing Statement:      select                           id, book_name, book_series, book_author, book_type, book_age, book_status, book_comment,      book_image, book_library, book_account, create_time, update_time, express1, express2        from t_book_introduct                                    order by create_time DESC                                                  limit ? , ?                            
[BookManager] 2018-02-13 10:34:31958 ? DEBUG -907572 java.sql.PreparedStatement - {pstm-100246} Parameters: [0, 6]
[BookManager] 2018-02-13 10:34:31961 ? DEBUG -907575 java.sql.PreparedStatement - {pstm-100246} Types: [java.lang.Integer, java.lang.Integer]
